Using pre-set license
Built from '2020.3/staging' branch; Version is '2020.3.6f1 (338bb68529b2) revision 3378102'; Using compiler version '192528614'; Build Type 'Release'
OS: 'Windows 10 Enterprise; OS build 19042.928; Version 2009; 64bit' Language: 'ru' Physical Memory: 8091 MB
BatchMode: 1, IsHumanControllingUs: 0, StartBugReporterOnCrash: 0, Is64bit: 1, IsPro: 0

 COMMAND LINE ARGUMENTS:
F:\Unity Hub\2020.3.6f1\Editor\Unity.exe
-adb2
-batchMode
-noUpm
-name
AssetImportWorker0
-projectPath
F:/geekbrains/Unity_examples/Lesson5
-logFile
Logs/AssetImportWorker0.log
-srvPort
51894
Successfully changed project path to: F:/geekbrains/Unity_examples/Lesson5
F:/geekbrains/Unity_examples/Lesson5
Using Asset Import Pipeline V2.
Refreshing native plugins compatible for Editor in 36.05 ms, found 0 plugins.
Preloading 0 native plugins for Editor in 0.00 ms.
Initialize engine version: 2020.3.6f1 (338bb68529b2)
[Subsystems] Discovering subsystems at path F:/Unity Hub/2020.3.6f1/Editor/Data/Resources/UnitySubsystems
[Subsystems] Discovering subsystems at path F:/geekbrains/Unity_examples/Lesson5/Assets
GfxDevice: creating device client; threaded=0
Direct3D:
    Version:  Direct3D 11.0 [level 11.1]
    Renderer: Radeon (TM) RX 480 Graphics (ID=0x67df)
    Vendor:   
    VRAM:     4075 MB
    Driver:   27.20.1034.6
Initialize mono
Mono path[0] = 'F:/Unity Hub/2020.3.6f1/Editor/Data/Managed'
Mono path[1] = 'F:/Unity Hub/2020.3.6f1/Editor/Data/MonoBleedingEdge/lib/mono/unityjit'
Mono config path = 'F:/Unity Hub/2020.3.6f1/Editor/Data/MonoBleedingEdge/etc'
Using monoOptions --debugger-agent=transport=dt_socket,embedding=1,server=y,suspend=n,address=127.0.0.1:56940
Begin MonoManager ReloadAssembly
Registering precompiled unity dll's ...
Register platform support module: F:/Unity Hub/2020.3.6f1/Editor/Data/PlaybackEngines/WindowsStandaloneSupport/UnityEditor.WindowsStandalone.Extensions.dll
Registered in 0.002066 seconds.
Native extension for WindowsStandalone target not found
Refreshing native plugins compatible for Editor in 36.50 ms, found 0 plugins.
Preloading 0 native plugins for Editor in 0.00 ms.
Mono: successfully reloaded assembly
- Completed reload, in  1.624 seconds
Platform modules already initialized, skipping
Registering precompiled user dll's ...
Registered in 0.000942 seconds.
Begin MonoManager ReloadAssembly
Native extension for WindowsStandalone target not found
Refreshing native plugins compatible for Editor in 0.34 ms, found 0 plugins.
Preloading 0 native plugins for Editor in 0.00 ms.
Mono: successfully reloaded assembly
- Completed reload, in  1.285 seconds
Platform modules already initialized, skipping
========================================================================
Worker process is ready to serve import requests
Launched and connected shader compiler UnityShaderCompiler.exe after 0.07 seconds
Refreshing native plugins compatible for Editor in 0.34 ms, found 0 plugins.
Preloading 0 native plugins for Editor in 0.00 ms.
Unloading 1125 Unused Serialized files (Serialized files now loaded: 0)
System memory in use before: 57.5 MB.
System memory in use after: 57.6 MB.

Unloading 10 unused Assets to reduce memory usage. Loaded Objects now: 1568.
Total: 2.433300 ms (FindLiveObjects: 0.254900 ms CreateObjectMapping: 0.070400 ms MarkObjects: 1.990700 ms  DeleteObjects: 0.115800 ms)

========================================================================
Received Import Request.
  path: Assets/Scripts/WhileInUpdate.cs
  artifactKey: Guid(e9c9fe4ba3ee36f4ca2d10324e2c6e66) Importer(815301076,1909f56bfc062723c751e8b465ee728b)
Start importing Assets/Scripts/WhileInUpdate.cs using Guid(e9c9fe4ba3ee36f4ca2d10324e2c6e66) Importer(815301076,1909f56bfc062723c751e8b465ee728b)  -> (artifact id: '9c02ac9f7465f9698a06f0e08d64b3c6') in 0.045763 seconds
  Import took 0.064087 seconds .

========================================================================
Received Import Request.
  Time since last request: 13.703306 seconds.
  path: Assets/Scripts/Weapon.cs
  artifactKey: Guid(fe61b8358d7eec04db35a02a73bf0507) Importer(815301076,1909f56bfc062723c751e8b465ee728b)
Start importing Assets/Scripts/Weapon.cs using Guid(fe61b8358d7eec04db35a02a73bf0507) Importer(815301076,1909f56bfc062723c751e8b465ee728b)  -> (artifact id: '5cdf6c8609ccf31faca843eec7fb7263') in 0.002226 seconds
  Import took 0.004555 seconds .

========================================================================
Received Import Request.
  Time since last request: 0.040877 seconds.
  path: Assets/Scripts/Weapon.cs
  artifactKey: Guid(fe61b8358d7eec04db35a02a73bf0507) Importer(815301076,1909f56bfc062723c751e8b465ee728b)
Start importing Assets/Scripts/Weapon.cs using Guid(fe61b8358d7eec04db35a02a73bf0507) Importer(815301076,1909f56bfc062723c751e8b465ee728b)  -> (artifact id: '5cdf6c8609ccf31faca843eec7fb7263') in 0.002117 seconds
  Import took 0.004460 seconds .

========================================================================
Received Import Request.
  Time since last request: 2.055749 seconds.
  path: Assets/Scripts/PlayerMovement.cs
  artifactKey: Guid(d38db5443f975974cba583ac5eabdf48) Importer(815301076,1909f56bfc062723c751e8b465ee728b)
Start importing Assets/Scripts/PlayerMovement.cs using Guid(d38db5443f975974cba583ac5eabdf48) Importer(815301076,1909f56bfc062723c751e8b465ee728b)  -> (artifact id: '32c535e32c82c139f89ea2bbd1af258b') in 0.002354 seconds
  Import took 0.004812 seconds .

========================================================================
Received Import Request.
  Time since last request: 0.001898 seconds.
  path: Assets/Scripts/PlayerMovement.cs
  artifactKey: Guid(d38db5443f975974cba583ac5eabdf48) Importer(815301076,1909f56bfc062723c751e8b465ee728b)
Start importing Assets/Scripts/PlayerMovement.cs using Guid(d38db5443f975974cba583ac5eabdf48) Importer(815301076,1909f56bfc062723c751e8b465ee728b)  -> (artifact id: '32c535e32c82c139f89ea2bbd1af258b') in 0.002039 seconds
  Import took 0.004003 seconds .

========================================================================
Received Import Request.
  Time since last request: 0.716731 seconds.
  path: Assets/Scripts/MouseLook.cs
  artifactKey: Guid(c76ad43c2b29a7c468a600a4c0ebfa37) Importer(815301076,1909f56bfc062723c751e8b465ee728b)
Start importing Assets/Scripts/MouseLook.cs using Guid(c76ad43c2b29a7c468a600a4c0ebfa37) Importer(815301076,1909f56bfc062723c751e8b465ee728b)  -> (artifact id: '023dce61677737304aedf3f6ad1c4580') in 0.002247 seconds
  Import took 0.016095 seconds .

AssetImportWorkerClient::OnTransportError - code=2 error=End of file
